{
  "stats": {
    "suites": 12,
    "tests": 41,
    "passes": 21,
    "pending": 0,
    "failures": 20,
    "start": "2021-09-12T22:57:27.293Z",
    "end": "2021-09-12T22:59:44.868Z",
    "duration": 137575,
    "testsRegistered": 41,
    "passPercent": 51.21951219512195,
    "pendingPercent": 0,
    "other": 0,
    "hasOther": false,
    "skipped": 0,
    "hasSkipped": false
  },
  "results": [
    {
      "uuid": "10f05675-5390-48fc-8105-0d4caf4e3813",
      "title": "",
      "fullFile": "cypress/integration/project.spec.js",
      "file": "cypress/integration/project.spec.js",
      "beforeHooks": [],
      "afterHooks": [],
      "tests": [],
      "suites": [
        {
          "uuid": "fade2d45-aafa-4db2-a0a0-afb35f9d11dd",
          "title": "1 - Adicione à página o título \"Paleta de Cores\".",
          "fullFile": "",
          "file": "",
          "beforeHooks": [],
          "afterHooks": [],
          "tests": [
            {
              "title": "Verifica se contém um elemento `h1` com o id `title` com o título correto",
              "fullTitle": "1 - Adicione à página o título \"Paleta de Cores\". Verifica se contém um elemento `h1` com o id `title` com o título correto",
              "timedOut": null,
              "duration": 676,
              "state": "passed",
              "speed": "slow",
              "pass": true,
              "fail": false,
              "pending": false,
              "context": null,
              "code": "cy.get('h1#title').should('contain.text', 'Paleta de Cores');",
              "err": {},
              "uuid": "3e1adaf9-da53-45b8-8495-576e0386045b",
              "parentUUID": "fade2d45-aafa-4db2-a0a0-afb35f9d11dd",
              "isHook": false,
              "skipped": false
            }
          ],
          "suites": [],
          "passes": [
            "3e1adaf9-da53-45b8-8495-576e0386045b"
          ],
          "failures": [],
          "pending": [],
          "skipped": [],
          "duration": 676,
          "root": false,
          "rootEmpty": false,
          "_timeout": 2000
        },
        {
          "uuid": "ac399c40-887d-40d5-a1e6-86d6f1e3c7de",
          "title": "2 - Adicione à página uma paleta de quatro cores distintas.",
          "fullFile": "",
          "file": "",
          "beforeHooks": [],
          "afterHooks": [],
          "tests": [
            {
              "title": "A paleta de cores deve ser um elemento com `id` denominado `color-palette`",
              "fullTitle": "2 - Adicione à página uma paleta de quatro cores distintas. A paleta de cores deve ser um elemento com `id` denominado `color-palette`",
              "timedOut": null,
              "duration": 445,
              "state": "passed",
              "speed": "slow",
              "pass": true,
              "fail": false,
              "pending": false,
              "context": null,
              "code": "cy.get('#color-palette').should('be.visible');\ncy.get('#color-palette').children('.color');",
              "err": {},
              "uuid": "f796781c-bff9-4ab8-b5b0-702c4793b059",
              "parentUUID": "ac399c40-887d-40d5-a1e6-86d6f1e3c7de",
              "isHook": false,
              "skipped": false
            },
            {
              "title": "Verifica se cada cor individual da paleta de cores possui a `classe` chamada `color`.",
              "fullTitle": "2 - Adicione à página uma paleta de quatro cores distintas. Verifica se cada cor individual da paleta de cores possui a `classe` chamada `color`.",
              "timedOut": null,
              "duration": 500,
              "state": "passed",
              "speed": "slow",
              "pass": true,
              "fail": false,
              "pending": false,
              "context": null,
              "code": "cy.get('.color').should('have.length', 4).then(function (colors) {\n  for (var i = 0; i < colors.length; i++) {\n    cy.wrap(colors[i]).should('be.visible');\n  }\n});",
              "err": {},
              "uuid": "72de6615-b59c-477e-a7a3-9d8f503be61d",
              "parentUUID": "ac399c40-887d-40d5-a1e6-86d6f1e3c7de",
              "isHook": false,
              "skipped": false
            },
            {
              "title": "Verifica se a cor de fundo de cada elemento da paleta é a cor que o elemento representa. **A única cor não permitida na paleta é a cor branca.**",
              "fullTitle": "2 - Adicione à página uma paleta de quatro cores distintas. Verifica se a cor de fundo de cada elemento da paleta é a cor que o elemento representa. **A única cor não permitida na paleta é a cor branca.**",
              "timedOut": null,
              "duration": 603,
              "state": "passed",
              "speed": "slow",
              "pass": true,
              "fail": false,
              "pending": false,
              "context": null,
              "code": "cy.get('.color').each(function (color) {\n  cy.wrap(color).should('have.class', 'color').and('not.have.css', 'background-color', WHITE);\n  cy.wrap(color).should('have.css', 'background-color');\n});",
              "err": {},
              "uuid": "6c4ba41a-4dcf-4cb7-8be2-e7335a5f3660",
              "parentUUID": "ac399c40-887d-40d5-a1e6-86d6f1e3c7de",
              "isHook": false,
              "skipped": false
            },
            {
              "title": "Verifica se cada elemento da paleta de cores tem uma borda preta, sólida e com 1 pixel de largura;",
              "fullTitle": "2 - Adicione à página uma paleta de quatro cores distintas. Verifica se cada elemento da paleta de cores tem uma borda preta, sólida e com 1 pixel de largura;",
              "timedOut": null,
              "duration": 259,
              "state": "passed",
              "speed": "slow",
              "pass": true,
              "fail": false,
              "pending": false,
              "context": null,
              "code": "cy.get('.color').each(function (color) {\n  cy.wrap(color).and('have.css', 'border', \"1px solid \".concat(BLACK)).and('have.class', 'color');\n});",
              "err": {},
              "uuid": "44372eff-7d10-4076-bb80-b29ab358b0ea",
              "parentUUID": "ac399c40-887d-40d5-a1e6-86d6f1e3c7de",
              "isHook": false,
              "skipped": false
            },
            {
              "title": "Verifica se a paleta lista todas as cores disponíveis para utilização, lado a lado.",
              "fullTitle": "2 - Adicione à página uma paleta de quatro cores distintas. Verifica se a paleta lista todas as cores disponíveis para utilização, lado a lado.",
              "timedOut": null,
              "duration": 305,
              "state": "passed",
              "speed": "slow",
              "pass": true,
              "fail": false,
              "pending": false,
              "context": null,
              "code": "cy.get('.color').then(function (colors) {\n  for (var index = 1; index < colors.length; index += 1) {\n    var currentColor = colors[index];\n    var previousColor = colors[index - 1];\n    cy.wrap(currentColor).should('be.onTheRightOf', previousColor).and('be.horizontallyAlignedWith', previousColor);\n  }\n});",
              "err": {},
              "uuid": "b872e3fc-a05a-48e9-96b7-718d98b65417",
              "parentUUID": "ac399c40-887d-40d5-a1e6-86d6f1e3c7de",
              "isHook": false,
              "skipped": false
            },
            {
              "title": "Verifica se a paleta de cores está posicionada abaixo do título 'Paleta de Cores'",
              "fullTitle": "2 - Adicione à página uma paleta de quatro cores distintas. Verifica se a paleta de cores está posicionada abaixo do título 'Paleta de Cores'",
              "timedOut": null,
              "duration": 387,
              "state": "passed",
              "speed": "slow",
              "pass": true,
              "fail": false,
              "pending": false,
              "context": null,
              "code": "cy.get('h1#title').then(function (title) {\n  cy.get('#color-palette').should('be.belowOf', title);\n});",
              "err": {},
              "uuid": "f306cae0-3267-4ee8-ab55-22950e8f8b67",
              "parentUUID": "ac399c40-887d-40d5-a1e6-86d6f1e3c7de",
              "isHook": false,
              "skipped": false
            },
            {
              "title": "Verifica se a paleta de cores não contém cores repetidas.",
              "fullTitle": "2 - Adicione à página uma paleta de quatro cores distintas. Verifica se a paleta de cores não contém cores repetidas.",
              "timedOut": null,
              "duration": 325,
              "state": "passed",
              "speed": "slow",
              "pass": true,
              "fail": false,
              "pending": false,
              "context": null,
              "code": "cy.get('.color').then(function (colors) {\n  var allColors = Array.from(colors).map(function (color) {\n    return Cypress.$(color).css('background-color');\n  });\n  cy.log(allColors);\n  var uniqColors = (0, _toConsumableArray2[\"default\"])(new Set(allColors));\n  cy.log(uniqColors);\n  expect(allColors.length).to.eq(uniqColors.length);\n});",
              "err": {},
              "uuid": "2a7d47f6-ea39-4bdb-ad3a-f7046c35e04f",
              "parentUUID": "ac399c40-887d-40d5-a1e6-86d6f1e3c7de",
              "isHook": false,
              "skipped": false
            }
          ],
          "suites": [],
          "passes": [
            "f796781c-bff9-4ab8-b5b0-702c4793b059",
            "72de6615-b59c-477e-a7a3-9d8f503be61d",
            "6c4ba41a-4dcf-4cb7-8be2-e7335a5f3660",
            "44372eff-7d10-4076-bb80-b29ab358b0ea",
            "b872e3fc-a05a-48e9-96b7-718d98b65417",
            "f306cae0-3267-4ee8-ab55-22950e8f8b67",
            "2a7d47f6-ea39-4bdb-ad3a-f7046c35e04f"
          ],
          "failures": [],
          "pending": [],
          "skipped": [],
          "duration": 2824,
          "root": false,
          "rootEmpty": false,
          "_timeout": 2000
        },
        {
          "uuid": "710db684-c0dd-4eb7-bf9a-9dc050cddf76",
          "title": "3 - Adicione a cor **preta** como a primeira cor da paleta de cores.",
          "fullFile": "",
          "file": "",
          "beforeHooks": [],
          "afterHooks": [],
          "tests": [
            {
              "title": "Verifica se a primeira cor da paleta é preta",
              "fullTitle": "3 - Adicione a cor **preta** como a primeira cor da paleta de cores. Verifica se a primeira cor da paleta é preta",
              "timedOut": null,
              "duration": 189,
              "state": "passed",
              "speed": "slow",
              "pass": true,
              "fail": false,
              "pending": false,
              "context": null,
              "code": "cy.get('.color').first().should('have.css', 'background-color', BLACK);",
              "err": {},
              "uuid": "682767ee-86a2-43e6-8ad9-0c328db0b28f",
              "parentUUID": "710db684-c0dd-4eb7-bf9a-9dc050cddf76",
              "isHook": false,
              "skipped": false
            },
            {
              "title": "Verifica se as demais cores podem ser escolhidas livremente.",
              "fullTitle": "3 - Adicione a cor **preta** como a primeira cor da paleta de cores. Verifica se as demais cores podem ser escolhidas livremente.",
              "timedOut": null,
              "duration": 490,
              "state": "passed",
              "speed": "slow",
              "pass": true,
              "fail": false,
              "pending": false,
              "context": null,
              "code": "cy.get('.color').eq(1).should('not.have.css', 'background-color', BLACK);\ncy.get('.color').eq(1).should('not.have.css', 'background-color', WHITE);\ncy.get('.color').eq(1).should('not.have.css', 'background-color', 'rgba(0, 0, 0, 0)');\ncy.get('.color').eq(1).should('have.css', 'background-color');\ncy.get('.color').eq(2).should('not.have.css', 'background-color', BLACK);\ncy.get('.color').eq(2).should('not.have.css', 'background-color', WHITE);\ncy.get('.color').eq(2).should('not.have.css', 'background-color', 'rgba(0, 0, 0, 0)');\ncy.get('.color').eq(2).should('have.css', 'background-color');\ncy.get('.color').eq(3).should('not.have.css', 'background-color', BLACK);\ncy.get('.color').eq(3).should('not.have.css', 'background-color', WHITE);\ncy.get('.color').eq(3).should('not.have.css', 'background-color', 'rgba(0, 0, 0, 0)');\ncy.get('.color').eq(3).should('have.css', 'background-color');",
              "err": {},
              "uuid": "0aa268c5-b157-4a8c-8773-de802d6a0cac",
              "parentUUID": "710db684-c0dd-4eb7-bf9a-9dc050cddf76",
              "isHook": false,
              "skipped": false
            }
          ],
          "suites": [],
          "passes": [
            "682767ee-86a2-43e6-8ad9-0c328db0b28f",
            "0aa268c5-b157-4a8c-8773-de802d6a0cac"
          ],
          "failures": [],
          "pending": [],
          "skipped": [],
          "duration": 679,
          "root": false,
          "rootEmpty": false,
          "_timeout": 2000
        },
        {
          "uuid": "d5656c96-94a2-40de-8d81-49a845c34e17",
          "title": "4 - Adicione à página um quadro de pixels, com 25 pixels.",
          "fullFile": "",
          "file": "",
          "beforeHooks": [],
          "afterHooks": [],
          "tests": [
            {
              "title": "Verifica se o quadro de pixels possui o `id` denominado `pixel-board`",
              "fullTitle": "4 - Adicione à página um quadro de pixels, com 25 pixels. Verifica se o quadro de pixels possui o `id` denominado `pixel-board`",
              "timedOut": null,
              "duration": 307,
              "state": "passed",
              "speed": "slow",
              "pass": true,
              "fail": false,
              "pending": false,
              "context": null,
              "code": "cy.get('#pixel-board').should('be.visible');",
              "err": {},
              "uuid": "af9410e0-8833-4374-8b04-290a97efe07a",
              "parentUUID": "d5656c96-94a2-40de-8d81-49a845c34e17",
              "isHook": false,
              "skipped": false
            },
            {
              "title": "Verifica se cada pixel individual dentro do quadro possui a `classe` denominada `pixel`.",
              "fullTitle": "4 - Adicione à página um quadro de pixels, com 25 pixels. Verifica se cada pixel individual dentro do quadro possui a `classe` denominada `pixel`.",
              "timedOut": null,
              "duration": 324,
              "state": "passed",
              "speed": "slow",
              "pass": true,
              "fail": false,
              "pending": false,
              "context": null,
              "code": "cy.get('.pixel').should('have.length', 25);",
              "err": {},
              "uuid": "f126b003-5ee2-44cb-b438-da5f58f07546",
              "parentUUID": "d5656c96-94a2-40de-8d81-49a845c34e17",
              "isHook": false,
              "skipped": false
            },
            {
              "title": "Verifica se a cor inicial dos pixels dentro do quadro, ao abrir a página, é branca.",
              "fullTitle": "4 - Adicione à página um quadro de pixels, com 25 pixels. Verifica se a cor inicial dos pixels dentro do quadro, ao abrir a página, é branca.",
              "timedOut": null,
              "duration": 940,
              "state": "failed",
              "speed": null,
              "pass": false,
              "fail": true,
              "pending": false,
              "context": null,
              "code": "cy.get('.pixel').should('have.length', 25).each(function (pixel) {\n  expect(pixel).to.have.css('background-color', WHITE);\n});",
              "err": {
                "message": "AssertionError: expected '<div.pixel>' to have CSS property 'background-color' with the value 'rgb(255, 255, 255)', but the value was 'rgba(0, 0, 0, 0)'",
                "estack": "AssertionError: expected '<div.pixel>' to have CSS property 'background-color' with the value 'rgb(255, 255, 255)', but the value was 'rgba(0, 0, 0, 0)'\n    at callback (http://localhost:39213/__cypress/runner/cypress_runner.js:136947:20)\n    at getRet (http://localhost:39213/__cypress/runner/cypress_runner.js:136585:16)\n    at tryCatcher (http://localhost:39213/__cypress/runner/cypress_runner.js:167415:23)\n    at Function.Promise.attempt.Promise.try (http://localhost:39213/__cypress/runner/cypress_runner.js:164690:29)\n    at thenFn (http://localhost:39213/__cypress/runner/cypress_runner.js:136599:23)\n    at yieldItem (http://localhost:39213/__cypress/runner/cypress_runner.js:136954:16)\n    at tryCatcher (http://localhost:39213/__cypress/runner/cypress_runner.js:167415:23)\n    at Object.gotValue (http://localhost:39213/__cypress/runner/cypress_runner.js:166557:18)\n    at Object.gotAccum (http://localhost:39213/__cypress/runner/cypress_runner.js:166546:25)\n    at Object.tryCatcher (http://localhost:39213/__cypress/runner/cypress_runner.js:167415:23)\n    at Promise._settlePromiseFromHandler (http://localhost:39213/__cypress/runner/cypress_runner.js:165351:31)\n    at Promise._settlePromise (http://localhost:39213/__cypress/runner/cypress_runner.js:165408:18)\n    at Promise._settlePromiseCtx (http://localhost:39213/__cypress/runner/cypress_runner.js:165445:10)\n    at Async../node_modules/bluebird/js/release/async.js.Async._drainQueue (http://localhost:39213/__cypress/runner/cypress_runner.js:162145:12)\n    at Async../node_modules/bluebird/js/release/async.js.Async._drainQueues (http://localhost:39213/__cypress/runner/cypress_runner.js:162150:10)\n    at Async.drainQueues (http://localhost:39213/__cypress/runner/cypress_runner.js:162024:14)",
                "diff": "- 'rgba(0, 0, 0, 0)'\n+ 'rgb(255, 255, 255)'\n"
              },
              "uuid": "80e0f0b4-8ce1-432f-a72b-d4edaaae96fd",
              "parentUUID": "d5656c96-94a2-40de-8d81-49a845c34e17",
              "isHook": false,
              "skipped": false
            },
            {
              "title": "Verifica se o quadro de pixels aparece abaixo da paleta de cores",
              "fullTitle": "4 - Adicione à página um quadro de pixels, com 25 pixels. Verifica se o quadro de pixels aparece abaixo da paleta de cores",
              "timedOut": null,
              "duration": 895,
              "state": "passed",
              "speed": "slow",
              "pass": true,
              "fail": false,
              "pending": false,
              "context": null,
              "code": "cy.get('#color-palette').then(function (palette) {\n  cy.get('#pixel-board').should('be.belowOf', palette);\n});",
              "err": {},
              "uuid": "9406f315-d5a5-44a2-8806-482c8383cd5c",
              "parentUUID": "d5656c96-94a2-40de-8d81-49a845c34e17",
              "isHook": false,
              "skipped": false
            }
          ],
          "suites": [],
          "passes": [
            "af9410e0-8833-4374-8b04-290a97efe07a",
            "f126b003-5ee2-44cb-b438-da5f58f07546",
            "9406f315-d5a5-44a2-8806-482c8383cd5c"
          ],
          "failures": [
            "80e0f0b4-8ce1-432f-a72b-d4edaaae96fd"
          ],
          "pending": [],
          "skipped": [],
          "duration": 2466,
          "root": false,
          "rootEmpty": false,
          "_timeout": 2000
        },
        {
          "uuid": "c9e0038c-9b8f-4727-9f86-d19ac21ba958",
          "title": "5 - Faça com que cada elemento do quadro de pixels possua 40 pixels de largura, 40 pixels de altura e seja delimitado por uma borda preta de 1 pixel.",
          "fullFile": "",
          "file": "",
          "beforeHooks": [],
          "afterHooks": [],
          "tests": [
            {
              "title": "Verifica se o quadro de pixels tem altura e comprimento de 5 elementos",
              "fullTitle": "5 - Faça com que cada elemento do quadro de pixels possua 40 pixels de largura, 40 pixels de altura e seja delimitado por uma borda preta de 1 pixel. Verifica se o quadro de pixels tem altura e comprimento de 5 elementos",
              "timedOut": null,
              "duration": 759,
              "state": "failed",
              "speed": null,
              "pass": false,
              "fail": true,
              "pending": false,
              "context": null,
              "code": "cy.get('.pixel').should('have.length', 25).each(function (pixel) {\n  expect(pixel).to.have.css('background-color', WHITE);\n}).and(function (pixels) {\n  var rows = chunk(pixels, 5);\n  rows.forEach(function (row) {\n    for (var index = 1; index < row.length; index += 1) {\n      var current = pixels[index];\n      var previous = pixels[index - 1];\n      cy.wrap(current).should('be.onTheRightOf', previous).and('be.horizontallyAlignedWith', previous);\n    }\n  });\n  for (var index = 1; index < 5; index += 1) {\n    expect(pixels[index * 5]).to.be.belowOf(pixels[(index - 1) * 5]);\n  }\n});",
              "err": {
                "message": "AssertionError: expected '<div.pixel>' to have CSS property 'background-color' with the value 'rgb(255, 255, 255)', but the value was 'rgba(0, 0, 0, 0)'",
                "estack": "AssertionError: expected '<div.pixel>' to have CSS property 'background-color' with the value 'rgb(255, 255, 255)', but the value was 'rgba(0, 0, 0, 0)'\n    at callback (http://localhost:39213/__cypress/runner/cypress_runner.js:136947:20)\n    at getRet (http://localhost:39213/__cypress/runner/cypress_runner.js:136585:16)\n    at tryCatcher (http://localhost:39213/__cypress/runner/cypress_runner.js:167415:23)\n    at Function.Promise.attempt.Promise.try (http://localhost:39213/__cypress/runner/cypress_runner.js:164690:29)\n    at thenFn (http://localhost:39213/__cypress/runner/cypress_runner.js:136599:23)\n    at yieldItem (http://localhost:39213/__cypress/runner/cypress_runner.js:136954:16)\n    at tryCatcher (http://localhost:39213/__cypress/runner/cypress_runner.js:167415:23)\n    at Object.gotValue (http://localhost:39213/__cypress/runner/cypress_runner.js:166557:18)\n    at Object.gotAccum (http://localhost:39213/__cypress/runner/cypress_runner.js:166546:25)\n    at Object.tryCatcher (http://localhost:39213/__cypress/runner/cypress_runner.js:167415:23)\n    at Promise._settlePromiseFromHandler (http://localhost:39213/__cypress/runner/cypress_runner.js:165351:31)\n    at Promise._settlePromise (http://localhost:39213/__cypress/runner/cypress_runner.js:165408:18)\n    at Promise._settlePromiseCtx (http://localhost:39213/__cypress/runner/cypress_runner.js:165445:10)\n    at Async../node_modules/bluebird/js/release/async.js.Async._drainQueue (http://localhost:39213/__cypress/runner/cypress_runner.js:162145:12)\n    at Async../node_modules/bluebird/js/release/async.js.Async._drainQueues (http://localhost:39213/__cypress/runner/cypress_runner.js:162150:10)\n    at Async.drainQueues (http://localhost:39213/__cypress/runner/cypress_runner.js:162024:14)",
                "diff": "- 'rgba(0, 0, 0, 0)'\n+ 'rgb(255, 255, 255)'\n"
              },
              "uuid": "03f27efa-502c-44d0-b6bc-4e7d61a86a0c",
              "parentUUID": "c9e0038c-9b8f-4727-9f86-d19ac21ba958",
              "isHook": false,
              "skipped": false
            },
            {
              "title": "Verifica se 40 pixels é o tamanho total do elemento, incluindo seu conteúdo e excluindo a borda preta, que deve ser criada à parte.",
              "fullTitle": "5 - Faça com que cada elemento do quadro de pixels possua 40 pixels de largura, 40 pixels de altura e seja delimitado por uma borda preta de 1 pixel. Verifica se 40 pixels é o tamanho total do elemento, incluindo seu conteúdo e excluindo a borda preta, que deve ser criada à parte.",
              "timedOut": null,
              "duration": 1480,
              "state": "passed",
              "speed": "slow",
              "pass": true,
              "fail": false,
              "pending": false,
              "context": null,
              "code": "cy.get('.pixel').each(function (pixel) {\n  cy.wrap(pixel).should('have.css', 'height', '40px').and('have.css', 'width', '40px').and('have.css', 'border', \"1px solid \".concat(BLACK));\n});",
              "err": {},
              "uuid": "461aba4b-f4a7-43cb-ab0a-1da817c56472",
              "parentUUID": "c9e0038c-9b8f-4727-9f86-d19ac21ba958",
              "isHook": false,
              "skipped": false
            }
          ],
          "suites": [],
          "passes": [
            "461aba4b-f4a7-43cb-ab0a-1da817c56472"
          ],
          "failures": [
            "03f27efa-502c-44d0-b6bc-4e7d61a86a0c"
          ],
          "pending": [],
          "skipped": [],
          "duration": 2239,
          "root": false,
          "rootEmpty": false,
          "_timeout": 2000
        },
        {
          "uuid": "23418f11-3797-44b7-882a-13042d504dad",
          "title": "6 - Defina a cor preta como cor inicial. Ao carregar a página a cor preta já deve estar selecionada para pintar os pixels",
          "fullFile": "",
          "file": "",
          "beforeHooks": [],
          "afterHooks": [],
          "tests": [
            {
              "title": "Verifica se o elemento da cor preta possui, inicialmente, a `classe` `selected`",
              "fullTitle": "6 - Defina a cor preta como cor inicial. Ao carregar a página a cor preta já deve estar selecionada para pintar os pixels Verifica se o elemento da cor preta possui, inicialmente, a `classe` `selected`",
              "timedOut": null,
              "duration": 278,
              "state": "passed",
              "speed": "slow",
              "pass": true,
              "fail": false,
              "pending": false,
              "context": null,
              "code": "cy.get('.selected').first().should('have.css', 'background-color', BLACK);",
              "err": {},
              "uuid": "87b10116-da41-4215-8ea6-ad6518c22436",
              "parentUUID": "23418f11-3797-44b7-882a-13042d504dad",
              "isHook": false,
              "skipped": false
            },
            {
              "title": "Verifica se nenhuma outra cor da paleta tem a `classe` `selected`",
              "fullTitle": "6 - Defina a cor preta como cor inicial. Ao carregar a página a cor preta já deve estar selecionada para pintar os pixels Verifica se nenhuma outra cor da paleta tem a `classe` `selected`",
              "timedOut": null,
              "duration": 480,
              "state": "passed",
              "speed": "slow",
              "pass": true,
              "fail": false,
              "pending": false,
              "context": null,
              "code": "cy.get('.color:not(:first-child)').each(function (color) {\n  cy.wrap(color).should('not.have.class', 'selected');\n});",
              "err": {},
              "uuid": "90348d90-55f4-4af3-8b89-393a3cf93891",
              "parentUUID": "23418f11-3797-44b7-882a-13042d504dad",
              "isHook": false,
              "skipped": false
            }
          ],
          "suites": [],
          "passes": [
            "87b10116-da41-4215-8ea6-ad6518c22436",
            "90348d90-55f4-4af3-8b89-393a3cf93891"
          ],
          "failures": [],
          "pending": [],
          "skipped": [],
          "duration": 758,
          "root": false,
          "rootEmpty": false,
          "_timeout": 2000
        },
        {
          "uuid": "b6bf7b52-027f-4991-8630-932026658820",
          "title": "7 - Clicar em uma das cores da paleta, faz com que ela seja selecionada e utilizada para preencher os pixels no quadro.",
          "fullFile": "",
          "file": "",
          "beforeHooks": [],
          "afterHooks": [],
          "tests": [
            {
              "title": "Verifica se somente uma cor da paleta de cores tem a classe `selected` de cada vez",
              "fullTitle": "7 - Clicar em uma das cores da paleta, faz com que ela seja selecionada e utilizada para preencher os pixels no quadro. Verifica se somente uma cor da paleta de cores tem a classe `selected` de cada vez",
              "timedOut": null,
              "duration": 780,
              "state": "passed",
              "speed": "slow",
              "pass": true,
              "fail": false,
              "pending": false,
              "context": null,
              "code": "cy.get('.color').each(function (selectedColor, selectedColorIndex) {\n  cy.wrap(selectedColor).click();\n  cy.get('.color').each(function (color, colorIndex) {\n    if (colorIndex === selectedColorIndex) {\n      expect(color).to.have[\"class\"]('selected');\n    } else {\n      expect(color).not.to.have[\"class\"]('selected');\n    }\n  });\n});",
              "err": {},
              "uuid": "9c676a1f-f99b-449f-b6b2-3671376da763",
              "parentUUID": "b6bf7b52-027f-4991-8630-932026658820",
              "isHook": false,
              "skipped": false
            },
            {
              "title": "Verifica se os pixels dentro do quadro não têm a classe `selected` quando são clicados",
              "fullTitle": "7 - Clicar em uma das cores da paleta, faz com que ela seja selecionada e utilizada para preencher os pixels no quadro. Verifica se os pixels dentro do quadro não têm a classe `selected` quando são clicados",
              "timedOut": null,
              "duration": 10458,
              "state": "passed",
              "speed": "slow",
              "pass": true,
              "fail": false,
              "pending": false,
              "context": null,
              "code": "cy.get('.color').each(function (color) {\n  var backgroundColor = color.css('background-color');\n  cy.wrap(color).click();\n  cy.get('.pixel').each(function (pixel) {\n    cy.wrap(pixel).click().should('not.have.class', 'selected');\n  });\n});",
              "err": {},
              "uuid": "12cbc4dd-0f5f-4f18-bccc-43faf21b1d6d",
              "parentUUID": "b6bf7b52-027f-4991-8630-932026658820",
              "isHook": false,
              "skipped": false
            }
          ],
          "suites": [],
          "passes": [
            "9c676a1f-f99b-449f-b6b2-3671376da763",
            "12cbc4dd-0f5f-4f18-bccc-43faf21b1d6d"
          ],
          "failures": [],
          "pending": [],
          "skipped": [],
          "duration": 11238,
          "root": false,
          "rootEmpty": false,
          "_timeout": 2000
        },
        {
          "uuid": "95d0f580-f104-477e-a3e8-ba3c92a87845",
          "title": "8 - Clicar em um pixel dentro do quadro após selecionar uma cor na paleta, faz com que o pixel seja preenchido com a cor selecionada.",
          "fullFile": "",
          "file": "",
          "beforeHooks": [],
          "afterHooks": [],
          "tests": [
            {
              "title": "Verifica se ao carregar a página deve ser possível pintar os pixels de preto",
              "fullTitle": "8 - Clicar em um pixel dentro do quadro após selecionar uma cor na paleta, faz com que o pixel seja preenchido com a cor selecionada. Verifica se ao carregar a página deve ser possível pintar os pixels de preto",
              "timedOut": null,
              "duration": 2728,
              "state": "passed",
              "speed": "slow",
              "pass": true,
              "fail": false,
              "pending": false,
              "context": null,
              "code": "cy.get('.pixel').each(function (pixel) {\n  cy.wrap(pixel).click().should('have.css', 'background-color', BLACK);\n});",
              "err": {},
              "uuid": "42aa3378-905d-4f6b-8975-86e16502d0a7",
              "parentUUID": "95d0f580-f104-477e-a3e8-ba3c92a87845",
              "isHook": false,
              "skipped": false
            },
            {
              "title": "Verifica se após selecionar uma outra cor na paleta, é possível pintar os pixels com essa cor",
              "fullTitle": "8 - Clicar em um pixel dentro do quadro após selecionar uma cor na paleta, faz com que o pixel seja preenchido com a cor selecionada. Verifica se após selecionar uma outra cor na paleta, é possível pintar os pixels com essa cor",
              "timedOut": null,
              "duration": 10139,
              "state": "passed",
              "speed": "slow",
              "pass": true,
              "fail": false,
              "pending": false,
              "context": null,
              "code": "cy.get('.color').each(function (color) {\n  var backgroundColor = color.css('background-color');\n  cy.wrap(color).click();\n  cy.get('.pixel').each(function (pixel) {\n    cy.wrap(pixel).click().should('have.css', 'background-color', backgroundColor);\n  });\n});",
              "err": {},
              "uuid": "3eb42177-025a-4911-8676-3ed2052dd4ca",
              "parentUUID": "95d0f580-f104-477e-a3e8-ba3c92a87845",
              "isHook": false,
              "skipped": false
            },
            {
              "title": "Verifica se somente o pixel que foi clicado foi preenchido com a cor selecionada, sem influenciar na cor dos demais pixels.",
              "fullTitle": "8 - Clicar em um pixel dentro do quadro após selecionar uma cor na paleta, faz com que o pixel seja preenchido com a cor selecionada. Verifica se somente o pixel que foi clicado foi preenchido com a cor selecionada, sem influenciar na cor dos demais pixels.",
              "timedOut": null,
              "duration": 2607,
              "state": "passed",
              "speed": "slow",
              "pass": true,
              "fail": false,
              "pending": false,
              "context": null,
              "code": "var colorToPixelIndexMap = {\n  0: 6,\n  1: 8,\n  2: 16,\n  3: 18\n};\ncy.get('.color').each(function (color, index) {\n  cy.wrap(color).click();\n  var backgroundColor = color.css('background-color');\n  var clickedPixelIndex = colorToPixelIndexMap[index];\n  cy.get('.pixel').eq(clickedPixelIndex).click();\n  cy.get('.pixel').eq(clickedPixelIndex - 1).should('not.have.css', 'background-color', backgroundColor);\n  cy.get('.pixel').eq(clickedPixelIndex + 1).should('not.have.css', 'background-color', backgroundColor);\n  cy.get('.pixel').eq(clickedPixelIndex - 5).should('not.have.css', 'background-color', backgroundColor);\n  cy.get('.pixel').eq(clickedPixelIndex + 5).should('not.have.css', 'background-color', backgroundColor);\n  cy.get('.pixel').eq(clickedPixelIndex - 6).should('not.have.css', 'background-color', backgroundColor);\n  cy.get('.pixel').eq(clickedPixelIndex - 4).should('not.have.css', 'background-color', backgroundColor);\n  cy.get('.pixel').eq(clickedPixelIndex + 4).should('not.have.css', 'background-color', backgroundColor);\n  cy.get('.pixel').eq(clickedPixelIndex + 6).should('not.have.css', 'background-color', backgroundColor);\n});",
              "err": {},
              "uuid": "277d588f-b373-4537-b1ac-28b0e356f8b4",
              "parentUUID": "95d0f580-f104-477e-a3e8-ba3c92a87845",
              "isHook": false,
              "skipped": false
            }
          ],
          "suites": [],
          "passes": [
            "42aa3378-905d-4f6b-8975-86e16502d0a7",
            "3eb42177-025a-4911-8676-3ed2052dd4ca",
            "277d588f-b373-4537-b1ac-28b0e356f8b4"
          ],
          "failures": [],
          "pending": [],
          "skipped": [],
          "duration": 15474,
          "root": false,
          "rootEmpty": false,
          "_timeout": 2000
        },
        {
          "uuid": "a109af75-2608-4f89-a915-74ac2d15f0b0",
          "title": "9 - Crie um botão que, ao ser clicado, limpa o quadro preenchendo a cor de todos seus pixels com branco.",
          "fullFile": "",
          "file": "",
          "beforeHooks": [],
          "afterHooks": [],
          "tests": [
            {
              "title": "Verifica se o botão tem o `id` denominado `clear-board`",
              "fullTitle": "9 - Crie um botão que, ao ser clicado, limpa o quadro preenchendo a cor de todos seus pixels com branco. Verifica se o botão tem o `id` denominado `clear-board`",
              "timedOut": null,
              "duration": 5011,
              "state": "failed",
              "speed": null,
              "pass": false,
              "fail": true,
              "pending": false,
              "context": null,
              "code": "cy.get('#clear-board').should('be.visible');",
              "err": {
                "message": "CypressError: Timed out retrying: Expected to find element: '#clear-board', but never found it.",
                "estack": "CypressError: Timed out retrying: Expected to find element: '#clear-board', but never found it.\n    at cypressErr (http://localhost:39213/__cypress/runner/cypress_runner.js:149934:9)\n    at throwErr (http://localhost:39213/__cypress/runner/cypress_runner.js:149867:11)\n    at Object.throwErrByPath (http://localhost:39213/__cypress/runner/cypress_runner.js:149915:3)\n    at retry (http://localhost:39213/__cypress/runner/cypress_runner.js:144197:19)\n    at onFailFn (http://localhost:39213/__cypress/runner/cypress_runner.js:132448:16)\n    at tryCatcher (http://localhost:39213/__cypress/runner/cypress_runner.js:167415:23)\n    at Promise._settlePromiseFromHandler (http://localhost:39213/__cypress/runner/cypress_runner.js:165351:31)\n    at Promise._settlePromise (http://localhost:39213/__cypress/runner/cypress_runner.js:165408:18)\n    at Promise._settlePromise0 (http://localhost:39213/__cypress/runner/cypress_runner.js:165453:10)\n    at Promise._settlePromises (http://localhost:39213/__cypress/runner/cypress_runner.js:165528:18)\n    at Async../node_modules/bluebird/js/release/async.js.Async._drainQueue (http://localhost:39213/__cypress/runner/cypress_runner.js:162140:16)\n    at Async../node_modules/bluebird/js/release/async.js.Async._drainQueues (http://localhost:39213/__cypress/runner/cypress_runner.js:162150:10)\n    at Async.drainQueues (http://localhost:39213/__cypress/runner/cypress_runner.js:162024:14)",
                "diff": null
              },
              "uuid": "f0cbb299-f7b5-4698-ab90-a84dd7974bbb",
              "parentUUID": "a109af75-2608-4f89-a915-74ac2d15f0b0",
              "isHook": false,
              "skipped": false
            },
            {
              "title": "Verifica se o botão está posicionado entre a paleta de cores e o quadro de pixels",
              "fullTitle": "9 - Crie um botão que, ao ser clicado, limpa o quadro preenchendo a cor de todos seus pixels com branco. Verifica se o botão está posicionado entre a paleta de cores e o quadro de pixels",
              "timedOut": null,
              "duration": 5270,
              "state": "failed",
              "speed": null,
              "pass": false,
              "fail": true,
              "pending": false,
              "context": null,
              "code": "cy.get('#color-palette').then(function (palette) {\n  cy.get('#clear-board').should('be.belowOf', palette);\n});\ncy.get('#clear-board').then(function (clearBtn) {\n  cy.get('#pixel-board').should('be.belowOf', clearBtn);\n});",
              "err": {
                "message": "CypressError: Timed out retrying: Expected to find element: '#clear-board', but never found it.",
                "estack": "CypressError: Timed out retrying: Expected to find element: '#clear-board', but never found it.\n    at cypressErr (http://localhost:39213/__cypress/runner/cypress_runner.js:149934:9)\n    at throwErr (http://localhost:39213/__cypress/runner/cypress_runner.js:149867:11)\n    at Object.throwErrByPath (http://localhost:39213/__cypress/runner/cypress_runner.js:149915:3)\n    at retry (http://localhost:39213/__cypress/runner/cypress_runner.js:144197:19)\n    at onFailFn (http://localhost:39213/__cypress/runner/cypress_runner.js:132448:16)\n    at tryCatcher (http://localhost:39213/__cypress/runner/cypress_runner.js:167415:23)\n    at Promise._settlePromiseFromHandler (http://localhost:39213/__cypress/runner/cypress_runner.js:165351:31)\n    at Promise._settlePromise (http://localhost:39213/__cypress/runner/cypress_runner.js:165408:18)\n    at Promise._settlePromise0 (http://localhost:39213/__cypress/runner/cypress_runner.js:165453:10)\n    at Promise._settlePromises (http://localhost:39213/__cypress/runner/cypress_runner.js:165528:18)\n    at Async../node_modules/bluebird/js/release/async.js.Async._drainQueue (http://localhost:39213/__cypress/runner/cypress_runner.js:162140:16)\n    at Async../node_modules/bluebird/js/release/async.js.Async._drainQueues (http://localhost:39213/__cypress/runner/cypress_runner.js:162150:10)\n    at Async.drainQueues (http://localhost:39213/__cypress/runner/cypress_runner.js:162024:14)",
                "diff": null
              },
              "uuid": "7240bfec-28af-437c-a74d-73b01b2186f9",
              "parentUUID": "a109af75-2608-4f89-a915-74ac2d15f0b0",
              "isHook": false,
              "skipped": false
            },
            {
              "title": "Verifica se o texto do botão é 'Limpar'",
              "fullTitle": "9 - Crie um botão que, ao ser clicado, limpa o quadro preenchendo a cor de todos seus pixels com branco. Verifica se o texto do botão é 'Limpar'",
              "timedOut": null,
              "duration": 5526,
              "state": "failed",
              "speed": null,
              "pass": false,
              "fail": true,
              "pending": false,
              "context": null,
              "code": "cy.get('#clear-board').should('contain.text', 'Limpar');",
              "err": {
                "message": "CypressError: Timed out retrying: Expected to find element: '#clear-board', but never found it.",
                "estack": "CypressError: Timed out retrying: Expected to find element: '#clear-board', but never found it.\n    at cypressErr (http://localhost:39213/__cypress/runner/cypress_runner.js:149934:9)\n    at throwErr (http://localhost:39213/__cypress/runner/cypress_runner.js:149867:11)\n    at Object.throwErrByPath (http://localhost:39213/__cypress/runner/cypress_runner.js:149915:3)\n    at retry (http://localhost:39213/__cypress/runner/cypress_runner.js:144197:19)\n    at onFailFn (http://localhost:39213/__cypress/runner/cypress_runner.js:132448:16)\n    at tryCatcher (http://localhost:39213/__cypress/runner/cypress_runner.js:167415:23)\n    at Promise._settlePromiseFromHandler (http://localhost:39213/__cypress/runner/cypress_runner.js:165351:31)\n    at Promise._settlePromise (http://localhost:39213/__cypress/runner/cypress_runner.js:165408:18)\n    at Promise._settlePromise0 (http://localhost:39213/__cypress/runner/cypress_runner.js:165453:10)\n    at Promise._settlePromises (http://localhost:39213/__cypress/runner/cypress_runner.js:165528:18)\n    at Async../node_modules/bluebird/js/release/async.js.Async._drainQueue (http://localhost:39213/__cypress/runner/cypress_runner.js:162140:16)\n    at Async../node_modules/bluebird/js/release/async.js.Async._drainQueues (http://localhost:39213/__cypress/runner/cypress_runner.js:162150:10)\n    at Async.drainQueues (http://localhost:39213/__cypress/runner/cypress_runner.js:162024:14)",
                "diff": null
              },
              "uuid": "17c40bcc-da0e-4597-b2bb-d157259f8468",
              "parentUUID": "a109af75-2608-4f89-a915-74ac2d15f0b0",
              "isHook": false,
              "skipped": false
            },
            {
              "title": "Verifica se ao clicar no botão, o quadro de pixels é totalmente preenchido de branco",
              "fullTitle": "9 - Crie um botão que, ao ser clicado, limpa o quadro preenchendo a cor de todos seus pixels com branco. Verifica se ao clicar no botão, o quadro de pixels é totalmente preenchido de branco",
              "timedOut": null,
              "duration": 12761,
              "state": "failed",
              "speed": null,
              "pass": false,
              "fail": true,
              "pending": false,
              "context": null,
              "code": "cy.get('.color').eq(1).then(function (color) {\n  var backgroundColor = color.css('background-color');\n  cy.wrap(color).click();\n  cy.get('.pixel').each(function (pixel) {\n    cy.wrap(pixel).click().should('have.css', 'background-color', backgroundColor);\n  });\n});\ncy.get('#clear-board').click();\ncy.get('.pixel').each(function (pixel) {\n  cy.wrap(pixel).should('have.css', 'background-color', WHITE);\n});",
              "err": {
                "message": "CypressError: Timed out retrying: Expected to find element: '#clear-board', but never found it.",
                "estack": "CypressError: Timed out retrying: Expected to find element: '#clear-board', but never found it.\n    at cypressErr (http://localhost:39213/__cypress/runner/cypress_runner.js:149934:9)\n    at throwErr (http://localhost:39213/__cypress/runner/cypress_runner.js:149867:11)\n    at Object.throwErrByPath (http://localhost:39213/__cypress/runner/cypress_runner.js:149915:3)\n    at retry (http://localhost:39213/__cypress/runner/cypress_runner.js:144197:19)\n    at onFailFn (http://localhost:39213/__cypress/runner/cypress_runner.js:132448:16)\n    at tryCatcher (http://localhost:39213/__cypress/runner/cypress_runner.js:167415:23)\n    at Promise._settlePromiseFromHandler (http://localhost:39213/__cypress/runner/cypress_runner.js:165351:31)\n    at Promise._settlePromise (http://localhost:39213/__cypress/runner/cypress_runner.js:165408:18)\n    at Promise._settlePromise0 (http://localhost:39213/__cypress/runner/cypress_runner.js:165453:10)\n    at Promise._settlePromises (http://localhost:39213/__cypress/runner/cypress_runner.js:165528:18)\n    at Async../node_modules/bluebird/js/release/async.js.Async._drainQueue (http://localhost:39213/__cypress/runner/cypress_runner.js:162140:16)\n    at Async../node_modules/bluebird/js/release/async.js.Async._drainQueues (http://localhost:39213/__cypress/runner/cypress_runner.js:162150:10)\n    at Async.drainQueues (http://localhost:39213/__cypress/runner/cypress_runner.js:162024:14)",
                "diff": null
              },
              "uuid": "e72a08cb-1b70-42bb-8e3c-723abed378cc",
              "parentUUID": "a109af75-2608-4f89-a915-74ac2d15f0b0",
              "isHook": false,
              "skipped": false
            }
          ],
          "suites": [],
          "passes": [],
          "failures": [
            "f0cbb299-f7b5-4698-ab90-a84dd7974bbb",
            "7240bfec-28af-437c-a74d-73b01b2186f9",
            "17c40bcc-da0e-4597-b2bb-d157259f8468",
            "e72a08cb-1b70-42bb-8e3c-723abed378cc"
          ],
          "pending": [],
          "skipped": [],
          "duration": 28568,
          "root": false,
          "rootEmpty": false,
          "_timeout": 2000
        },
        {
          "uuid": "c01c0868-135e-4c3e-8603-b5a52f81f18b",
          "title": "10 - Faça o quadro de pixels ter seu tamanho definido pelo usuário.",
          "fullFile": "",
          "file": "",
          "beforeHooks": [],
          "afterHooks": [],
          "tests": [
            {
              "title": "Verifica se existe um input com o id `board-size`",
              "fullTitle": "10 - Faça o quadro de pixels ter seu tamanho definido pelo usuário. Verifica se existe um input com o id `board-size`",
              "timedOut": null,
              "duration": 5106,
              "state": "failed",
              "speed": null,
              "pass": false,
              "fail": true,
              "pending": false,
              "context": null,
              "code": "cy.get('#board-size').should('be.visible');",
              "err": {
                "message": "CypressError: Timed out retrying: Expected to find element: '#board-size', but never found it.",
                "estack": "CypressError: Timed out retrying: Expected to find element: '#board-size', but never found it.\n    at cypressErr (http://localhost:39213/__cypress/runner/cypress_runner.js:149934:9)\n    at throwErr (http://localhost:39213/__cypress/runner/cypress_runner.js:149867:11)\n    at Object.throwErrByPath (http://localhost:39213/__cypress/runner/cypress_runner.js:149915:3)\n    at retry (http://localhost:39213/__cypress/runner/cypress_runner.js:144197:19)\n    at onFailFn (http://localhost:39213/__cypress/runner/cypress_runner.js:132448:16)\n    at tryCatcher (http://localhost:39213/__cypress/runner/cypress_runner.js:167415:23)\n    at Promise._settlePromiseFromHandler (http://localhost:39213/__cypress/runner/cypress_runner.js:165351:31)\n    at Promise._settlePromise (http://localhost:39213/__cypress/runner/cypress_runner.js:165408:18)\n    at Promise._settlePromise0 (http://localhost:39213/__cypress/runner/cypress_runner.js:165453:10)\n    at Promise._settlePromises (http://localhost:39213/__cypress/runner/cypress_runner.js:165528:18)\n    at Async../node_modules/bluebird/js/release/async.js.Async._drainQueue (http://localhost:39213/__cypress/runner/cypress_runner.js:162140:16)\n    at Async../node_modules/bluebird/js/release/async.js.Async._drainQueues (http://localhost:39213/__cypress/runner/cypress_runner.js:162150:10)\n    at Async.drainQueues (http://localhost:39213/__cypress/runner/cypress_runner.js:162024:14)",
                "diff": null
              },
              "uuid": "7ba4bf18-dc20-4ea1-96ef-b1debc8ebdf0",
              "parentUUID": "c01c0868-135e-4c3e-8603-b5a52f81f18b",
              "isHook": false,
              "skipped": false
            },
            {
              "title": "Verifica se existe um botão com o id `generate-board`",
              "fullTitle": "10 - Faça o quadro de pixels ter seu tamanho definido pelo usuário. Verifica se existe um botão com o id `generate-board`",
              "timedOut": null,
              "duration": 5415,
              "state": "failed",
              "speed": null,
              "pass": false,
              "fail": true,
              "pending": false,
              "context": null,
              "code": "cy.get('#generate-board').should('be.visible');",
              "err": {
                "message": "CypressError: Timed out retrying: Expected to find element: '#generate-board', but never found it.",
                "estack": "CypressError: Timed out retrying: Expected to find element: '#generate-board', but never found it.\n    at cypressErr (http://localhost:39213/__cypress/runner/cypress_runner.js:149934:9)\n    at throwErr (http://localhost:39213/__cypress/runner/cypress_runner.js:149867:11)\n    at Object.throwErrByPath (http://localhost:39213/__cypress/runner/cypress_runner.js:149915:3)\n    at retry (http://localhost:39213/__cypress/runner/cypress_runner.js:144197:19)\n    at onFailFn (http://localhost:39213/__cypress/runner/cypress_runner.js:132448:16)\n    at tryCatcher (http://localhost:39213/__cypress/runner/cypress_runner.js:167415:23)\n    at Promise._settlePromiseFromHandler (http://localhost:39213/__cypress/runner/cypress_runner.js:165351:31)\n    at Promise._settlePromise (http://localhost:39213/__cypress/runner/cypress_runner.js:165408:18)\n    at Promise._settlePromise0 (http://localhost:39213/__cypress/runner/cypress_runner.js:165453:10)\n    at Promise._settlePromises (http://localhost:39213/__cypress/runner/cypress_runner.js:165528:18)\n    at Async../node_modules/bluebird/js/release/async.js.Async._drainQueue (http://localhost:39213/__cypress/runner/cypress_runner.js:162140:16)\n    at Async../node_modules/bluebird/js/release/async.js.Async._drainQueues (http://localhost:39213/__cypress/runner/cypress_runner.js:162150:10)\n    at Async.drainQueues (http://localhost:39213/__cypress/runner/cypress_runner.js:162024:14)",
                "diff": null
              },
              "uuid": "4dc2a7d4-3f09-46e1-9b14-4219ff7955ca",
              "parentUUID": "c01c0868-135e-4c3e-8603-b5a52f81f18b",
              "isHook": false,
              "skipped": false
            },
            {
              "title": "Verifica se o input só aceita número maiores que zero. Essa restrição deve ser feita usando os atributos do elemento `input`",
              "fullTitle": "10 - Faça o quadro de pixels ter seu tamanho definido pelo usuário. Verifica se o input só aceita número maiores que zero. Essa restrição deve ser feita usando os atributos do elemento `input`",
              "timedOut": null,
              "duration": 5424,
              "state": "failed",
              "speed": null,
              "pass": false,
              "fail": true,
              "pending": false,
              "context": null,
              "code": "cy.get('#board-size[type=\\'number\\'][min=\\'1\\']');",
              "err": {
                "message": "CypressError: Timed out retrying: Expected to find element: '#board-size[type='number'][min='1']', but never found it.",
                "estack": "CypressError: Timed out retrying: Expected to find element: '#board-size[type='number'][min='1']', but never found it.\n    at cypressErr (http://localhost:39213/__cypress/runner/cypress_runner.js:149934:9)\n    at throwErr (http://localhost:39213/__cypress/runner/cypress_runner.js:149867:11)\n    at Object.throwErrByPath (http://localhost:39213/__cypress/runner/cypress_runner.js:149915:3)\n    at retry (http://localhost:39213/__cypress/runner/cypress_runner.js:144197:19)\n    at onFailFn (http://localhost:39213/__cypress/runner/cypress_runner.js:132448:16)\n    at tryCatcher (http://localhost:39213/__cypress/runner/cypress_runner.js:167415:23)\n    at Promise._settlePromiseFromHandler (http://localhost:39213/__cypress/runner/cypress_runner.js:165351:31)\n    at Promise._settlePromise (http://localhost:39213/__cypress/runner/cypress_runner.js:165408:18)\n    at Promise._settlePromise0 (http://localhost:39213/__cypress/runner/cypress_runner.js:165453:10)\n    at Promise._settlePromises (http://localhost:39213/__cypress/runner/cypress_runner.js:165528:18)\n    at Async../node_modules/bluebird/js/release/async.js.Async._drainQueue (http://localhost:39213/__cypress/runner/cypress_runner.js:162140:16)\n    at Async../node_modules/bluebird/js/release/async.js.Async._drainQueues (http://localhost:39213/__cypress/runner/cypress_runner.js:162150:10)\n    at Async.drainQueues (http://localhost:39213/__cypress/runner/cypress_runner.js:162024:14)",
                "diff": null
              },
              "uuid": "720a6a4a-dcd8-4915-80a8-7a27592da9dc",
              "parentUUID": "c01c0868-135e-4c3e-8603-b5a52f81f18b",
              "isHook": false,
              "skipped": false
            },
            {
              "title": "Verifica se o botão contém o texto 'VQV'",
              "fullTitle": "10 - Faça o quadro de pixels ter seu tamanho definido pelo usuário. Verifica se o botão contém o texto 'VQV'",
              "timedOut": null,
              "duration": 5250,
              "state": "failed",
              "speed": null,
              "pass": false,
              "fail": true,
              "pending": false,
              "context": null,
              "code": "cy.get('#generate-board').contains(/vqv/i);",
              "err": {
                "message": "CypressError: Timed out retrying: Expected to find element: '#generate-board', but never found it.",
                "estack": "CypressError: Timed out retrying: Expected to find element: '#generate-board', but never found it.\n    at cypressErr (http://localhost:39213/__cypress/runner/cypress_runner.js:149934:9)\n    at throwErr (http://localhost:39213/__cypress/runner/cypress_runner.js:149867:11)\n    at Object.throwErrByPath (http://localhost:39213/__cypress/runner/cypress_runner.js:149915:3)\n    at retry (http://localhost:39213/__cypress/runner/cypress_runner.js:144197:19)\n    at onFailFn (http://localhost:39213/__cypress/runner/cypress_runner.js:132448:16)\n    at tryCatcher (http://localhost:39213/__cypress/runner/cypress_runner.js:167415:23)\n    at Promise._settlePromiseFromHandler (http://localhost:39213/__cypress/runner/cypress_runner.js:165351:31)\n    at Promise._settlePromise (http://localhost:39213/__cypress/runner/cypress_runner.js:165408:18)\n    at Promise._settlePromise0 (http://localhost:39213/__cypress/runner/cypress_runner.js:165453:10)\n    at Promise._settlePromises (http://localhost:39213/__cypress/runner/cypress_runner.js:165528:18)\n    at Async../node_modules/bluebird/js/release/async.js.Async._drainQueue (http://localhost:39213/__cypress/runner/cypress_runner.js:162140:16)\n    at Async../node_modules/bluebird/js/release/async.js.Async._drainQueues (http://localhost:39213/__cypress/runner/cypress_runner.js:162150:10)\n    at Async.drainQueues (http://localhost:39213/__cypress/runner/cypress_runner.js:162024:14)",
                "diff": null
              },
              "uuid": "3c7eb94a-4050-4213-a944-2fc20129b11b",
              "parentUUID": "c01c0868-135e-4c3e-8603-b5a52f81f18b",
              "isHook": false,
              "skipped": false
            },
            {
              "title": "Verifica se o input está posicionado entre a paleta de cores e o quadro de pixels",
              "fullTitle": "10 - Faça o quadro de pixels ter seu tamanho definido pelo usuário. Verifica se o input está posicionado entre a paleta de cores e o quadro de pixels",
              "timedOut": null,
              "duration": 5138,
              "state": "failed",
              "speed": null,
              "pass": false,
              "fail": true,
              "pending": false,
              "context": null,
              "code": "cy.get('#color-palette').then(function (palette) {\n  cy.get('#board-size').should('be.belowOf', palette);\n});\ncy.get('#board-size').then(function (palette) {\n  cy.get('#pixel-board').should('be.belowOf', palette);\n});",
              "err": {
                "message": "CypressError: Timed out retrying: Expected to find element: '#board-size', but never found it.",
                "estack": "CypressError: Timed out retrying: Expected to find element: '#board-size', but never found it.\n    at cypressErr (http://localhost:39213/__cypress/runner/cypress_runner.js:149934:9)\n    at throwErr (http://localhost:39213/__cypress/runner/cypress_runner.js:149867:11)\n    at Object.throwErrByPath (http://localhost:39213/__cypress/runner/cypress_runner.js:149915:3)\n    at retry (http://localhost:39213/__cypress/runner/cypress_runner.js:144197:19)\n    at onFailFn (http://localhost:39213/__cypress/runner/cypress_runner.js:132448:16)\n    at tryCatcher (http://localhost:39213/__cypress/runner/cypress_runner.js:167415:23)\n    at Promise._settlePromiseFromHandler (http://localhost:39213/__cypress/runner/cypress_runner.js:165351:31)\n    at Promise._settlePromise (http://localhost:39213/__cypress/runner/cypress_runner.js:165408:18)\n    at Promise._settlePromise0 (http://localhost:39213/__cypress/runner/cypress_runner.js:165453:10)\n    at Promise._settlePromises (http://localhost:39213/__cypress/runner/cypress_runner.js:165528:18)\n    at Async../node_modules/bluebird/js/release/async.js.Async._drainQueue (http://localhost:39213/__cypress/runner/cypress_runner.js:162140:16)\n    at Async../node_modules/bluebird/js/release/async.js.Async._drainQueues (http://localhost:39213/__cypress/runner/cypress_runner.js:162150:10)\n    at Async.drainQueues (http://localhost:39213/__cypress/runner/cypress_runner.js:162024:14)",
                "diff": null
              },
              "uuid": "4935c979-6dd6-401c-8e21-f83bed6a79ed",
              "parentUUID": "c01c0868-135e-4c3e-8603-b5a52f81f18b",
              "isHook": false,
              "skipped": false
            },
            {
              "title": "Verifica se o botão está posicionado ao lado do input",
              "fullTitle": "10 - Faça o quadro de pixels ter seu tamanho definido pelo usuário. Verifica se o botão está posicionado ao lado do input",
              "timedOut": null,
              "duration": 5471,
              "state": "failed",
              "speed": null,
              "pass": false,
              "fail": true,
              "pending": false,
              "context": null,
              "code": "cy.get('#board-size').then(function (board) {\n  cy.get('#generate-board').should('be.onTheRightOf', board);\n});",
              "err": {
                "message": "CypressError: Timed out retrying: Expected to find element: '#board-size', but never found it.",
                "estack": "CypressError: Timed out retrying: Expected to find element: '#board-size', but never found it.\n    at cypressErr (http://localhost:39213/__cypress/runner/cypress_runner.js:149934:9)\n    at throwErr (http://localhost:39213/__cypress/runner/cypress_runner.js:149867:11)\n    at Object.throwErrByPath (http://localhost:39213/__cypress/runner/cypress_runner.js:149915:3)\n    at retry (http://localhost:39213/__cypress/runner/cypress_runner.js:144197:19)\n    at onFailFn (http://localhost:39213/__cypress/runner/cypress_runner.js:132448:16)\n    at tryCatcher (http://localhost:39213/__cypress/runner/cypress_runner.js:167415:23)\n    at Promise._settlePromiseFromHandler (http://localhost:39213/__cypress/runner/cypress_runner.js:165351:31)\n    at Promise._settlePromise (http://localhost:39213/__cypress/runner/cypress_runner.js:165408:18)\n    at Promise._settlePromise0 (http://localhost:39213/__cypress/runner/cypress_runner.js:165453:10)\n    at Promise._settlePromises (http://localhost:39213/__cypress/runner/cypress_runner.js:165528:18)\n    at Async../node_modules/bluebird/js/release/async.js.Async._drainQueue (http://localhost:39213/__cypress/runner/cypress_runner.js:162140:16)\n    at Async../node_modules/bluebird/js/release/async.js.Async._drainQueues (http://localhost:39213/__cypress/runner/cypress_runner.js:162150:10)\n    at Async.drainQueues (http://localhost:39213/__cypress/runner/cypress_runner.js:162024:14)",
                "diff": null
              },
              "uuid": "ec09e32b-a1e5-4071-82af-c1eaca55cc15",
              "parentUUID": "c01c0868-135e-4c3e-8603-b5a52f81f18b",
              "isHook": false,
              "skipped": false
            },
            {
              "title": "Verifica se nenhum valor for colocado no input ao clicar no botão, um `alert` é exibido com o texto: 'Board inválido!'",
              "fullTitle": "10 - Faça o quadro de pixels ter seu tamanho definido pelo usuário. Verifica se nenhum valor for colocado no input ao clicar no botão, um `alert` é exibido com o texto: 'Board inválido!'",
              "timedOut": null,
              "duration": 5280,
              "state": "failed",
              "speed": null,
              "pass": false,
              "fail": true,
              "pending": false,
              "context": null,
              "code": "var alerted = false;\ncy.on('window:alert', function (msg) {\n  return alerted = msg;\n});\ncy.get('#generate-board').click().then(function () {\n  return expect(alerted).to.match(/Board inválido!/i);\n});",
              "err": {
                "message": "CypressError: Timed out retrying: Expected to find element: '#generate-board', but never found it.",
                "estack": "CypressError: Timed out retrying: Expected to find element: '#generate-board', but never found it.\n    at cypressErr (http://localhost:39213/__cypress/runner/cypress_runner.js:149934:9)\n    at throwErr (http://localhost:39213/__cypress/runner/cypress_runner.js:149867:11)\n    at Object.throwErrByPath (http://localhost:39213/__cypress/runner/cypress_runner.js:149915:3)\n    at retry (http://localhost:39213/__cypress/runner/cypress_runner.js:144197:19)\n    at onFailFn (http://localhost:39213/__cypress/runner/cypress_runner.js:132448:16)\n    at tryCatcher (http://localhost:39213/__cypress/runner/cypress_runner.js:167415:23)\n    at Promise._settlePromiseFromHandler (http://localhost:39213/__cypress/runner/cypress_runner.js:165351:31)\n    at Promise._settlePromise (http://localhost:39213/__cypress/runner/cypress_runner.js:165408:18)\n    at Promise._settlePromise0 (http://localhost:39213/__cypress/runner/cypress_runner.js:165453:10)\n    at Promise._settlePromises (http://localhost:39213/__cypress/runner/cypress_runner.js:165528:18)\n    at Async../node_modules/bluebird/js/release/async.js.Async._drainQueue (http://localhost:39213/__cypress/runner/cypress_runner.js:162140:16)\n    at Async../node_modules/bluebird/js/release/async.js.Async._drainQueues (http://localhost:39213/__cypress/runner/cypress_runner.js:162150:10)\n    at Async.drainQueues (http://localhost:39213/__cypress/runner/cypress_runner.js:162024:14)",
                "diff": null
              },
              "uuid": "be7ab852-0311-4071-9586-403a2815b777",
              "parentUUID": "c01c0868-135e-4c3e-8603-b5a52f81f18b",
              "isHook": false,
              "skipped": false
            },
            {
              "title": "Verifica se ao clicar no botão com um valor preenchido, o tamanho do board muda.",
              "fullTitle": "10 - Faça o quadro de pixels ter seu tamanho definido pelo usuário. Verifica se ao clicar no botão com um valor preenchido, o tamanho do board muda.",
              "timedOut": null,
              "duration": 5136,
              "state": "failed",
              "speed": null,
              "pass": false,
              "fail": true,
              "pending": false,
              "context": null,
              "code": "cy.get('#board-size').clear().type(10);\ncy.get('#generate-board').click();\ncy.get('.pixel').should('have.length', 100);",
              "err": {
                "message": "CypressError: Timed out retrying: Expected to find element: '#board-size', but never found it.",
                "estack": "CypressError: Timed out retrying: Expected to find element: '#board-size', but never found it.\n    at cypressErr (http://localhost:39213/__cypress/runner/cypress_runner.js:149934:9)\n    at throwErr (http://localhost:39213/__cypress/runner/cypress_runner.js:149867:11)\n    at Object.throwErrByPath (http://localhost:39213/__cypress/runner/cypress_runner.js:149915:3)\n    at retry (http://localhost:39213/__cypress/runner/cypress_runner.js:144197:19)\n    at onFailFn (http://localhost:39213/__cypress/runner/cypress_runner.js:132448:16)\n    at tryCatcher (http://localhost:39213/__cypress/runner/cypress_runner.js:167415:23)\n    at Promise._settlePromiseFromHandler (http://localhost:39213/__cypress/runner/cypress_runner.js:165351:31)\n    at Promise._settlePromise (http://localhost:39213/__cypress/runner/cypress_runner.js:165408:18)\n    at Promise._settlePromise0 (http://localhost:39213/__cypress/runner/cypress_runner.js:165453:10)\n    at Promise._settlePromises (http://localhost:39213/__cypress/runner/cypress_runner.js:165528:18)\n    at Async../node_modules/bluebird/js/release/async.js.Async._drainQueue (http://localhost:39213/__cypress/runner/cypress_runner.js:162140:16)\n    at Async../node_modules/bluebird/js/release/async.js.Async._drainQueues (http://localhost:39213/__cypress/runner/cypress_runner.js:162150:10)\n    at Async.drainQueues (http://localhost:39213/__cypress/runner/cypress_runner.js:162024:14)",
                "diff": null
              },
              "uuid": "7137601a-daa3-4df1-9300-69ef10aed576",
              "parentUUID": "c01c0868-135e-4c3e-8603-b5a52f81f18b",
              "isHook": false,
              "skipped": false
            },
            {
              "title": "Verifica se o novo quadro tem todos os pixels preenchidos com a cor branca",
              "fullTitle": "10 - Faça o quadro de pixels ter seu tamanho definido pelo usuário. Verifica se o novo quadro tem todos os pixels preenchidos com a cor branca",
              "timedOut": null,
              "duration": 5419,
              "state": "failed",
              "speed": null,
              "pass": false,
              "fail": true,
              "pending": false,
              "context": null,
              "code": "cy.get('#board-size').clear().type(6);\ncy.get('#generate-board').click();\ncy.get('.pixel').should('have.length', 36).each(function (pixel) {\n  expect(pixel).to.have.css('background-color', WHITE);\n});",
              "err": {
                "message": "CypressError: Timed out retrying: Expected to find element: '#board-size', but never found it.",
                "estack": "CypressError: Timed out retrying: Expected to find element: '#board-size', but never found it.\n    at cypressErr (http://localhost:39213/__cypress/runner/cypress_runner.js:149934:9)\n    at throwErr (http://localhost:39213/__cypress/runner/cypress_runner.js:149867:11)\n    at Object.throwErrByPath (http://localhost:39213/__cypress/runner/cypress_runner.js:149915:3)\n    at retry (http://localhost:39213/__cypress/runner/cypress_runner.js:144197:19)\n    at onFailFn (http://localhost:39213/__cypress/runner/cypress_runner.js:132448:16)\n    at tryCatcher (http://localhost:39213/__cypress/runner/cypress_runner.js:167415:23)\n    at Promise._settlePromiseFromHandler (http://localhost:39213/__cypress/runner/cypress_runner.js:165351:31)\n    at Promise._settlePromise (http://localhost:39213/__cypress/runner/cypress_runner.js:165408:18)\n    at Promise._settlePromise0 (http://localhost:39213/__cypress/runner/cypress_runner.js:165453:10)\n    at Promise._settlePromises (http://localhost:39213/__cypress/runner/cypress_runner.js:165528:18)\n    at Async../node_modules/bluebird/js/release/async.js.Async._drainQueue (http://localhost:39213/__cypress/runner/cypress_runner.js:162140:16)\n    at Async../node_modules/bluebird/js/release/async.js.Async._drainQueues (http://localhost:39213/__cypress/runner/cypress_runner.js:162150:10)\n    at Async.drainQueues (http://localhost:39213/__cypress/runner/cypress_runner.js:162024:14)",
                "diff": null
              },
              "uuid": "8b635186-679d-45cc-9c20-55209b10e956",
              "parentUUID": "c01c0868-135e-4c3e-8603-b5a52f81f18b",
              "isHook": false,
              "skipped": false
            }
          ],
          "suites": [],
          "passes": [],
          "failures": [
            "7ba4bf18-dc20-4ea1-96ef-b1debc8ebdf0",
            "4dc2a7d4-3f09-46e1-9b14-4219ff7955ca",
            "720a6a4a-dcd8-4915-80a8-7a27592da9dc",
            "3c7eb94a-4050-4213-a944-2fc20129b11b",
            "4935c979-6dd6-401c-8e21-f83bed6a79ed",
            "ec09e32b-a1e5-4071-82af-c1eaca55cc15",
            "be7ab852-0311-4071-9586-403a2815b777",
            "7137601a-daa3-4df1-9300-69ef10aed576",
            "8b635186-679d-45cc-9c20-55209b10e956"
          ],
          "pending": [],
          "skipped": [],
          "duration": 47639,
          "root": false,
          "rootEmpty": false,
          "_timeout": 2000
        },
        {
          "uuid": "83c04cb0-84eb-4add-a85f-e00e75ff017d",
          "title": "11 - Limite o tamanho mínimo e máximo do board.",
          "fullFile": "",
          "file": "",
          "beforeHooks": [],
          "afterHooks": [],
          "tests": [
            {
              "title": "Verifica se a altura máxima do board é 50",
              "fullTitle": "11 - Limite o tamanho mínimo e máximo do board. Verifica se a altura máxima do board é 50",
              "timedOut": null,
              "duration": 5475,
              "state": "failed",
              "speed": null,
              "pass": false,
              "fail": true,
              "pending": false,
              "context": null,
              "code": "cy.get('#board-size').clear().type(50);\ncy.get('#generate-board').click();\ncy.get('.pixel').should('have.length', 2500);",
              "err": {
                "message": "CypressError: Timed out retrying: Expected to find element: '#board-size', but never found it.",
                "estack": "CypressError: Timed out retrying: Expected to find element: '#board-size', but never found it.\n    at cypressErr (http://localhost:39213/__cypress/runner/cypress_runner.js:149934:9)\n    at throwErr (http://localhost:39213/__cypress/runner/cypress_runner.js:149867:11)\n    at Object.throwErrByPath (http://localhost:39213/__cypress/runner/cypress_runner.js:149915:3)\n    at retry (http://localhost:39213/__cypress/runner/cypress_runner.js:144197:19)\n    at onFailFn (http://localhost:39213/__cypress/runner/cypress_runner.js:132448:16)\n    at tryCatcher (http://localhost:39213/__cypress/runner/cypress_runner.js:167415:23)\n    at Promise._settlePromiseFromHandler (http://localhost:39213/__cypress/runner/cypress_runner.js:165351:31)\n    at Promise._settlePromise (http://localhost:39213/__cypress/runner/cypress_runner.js:165408:18)\n    at Promise._settlePromise0 (http://localhost:39213/__cypress/runner/cypress_runner.js:165453:10)\n    at Promise._settlePromises (http://localhost:39213/__cypress/runner/cypress_runner.js:165528:18)\n    at Async../node_modules/bluebird/js/release/async.js.Async._drainQueue (http://localhost:39213/__cypress/runner/cypress_runner.js:162140:16)\n    at Async../node_modules/bluebird/js/release/async.js.Async._drainQueues (http://localhost:39213/__cypress/runner/cypress_runner.js:162150:10)\n    at Async.drainQueues (http://localhost:39213/__cypress/runner/cypress_runner.js:162024:14)",
                "diff": null
              },
              "uuid": "46142974-6d0b-43b2-8e7a-344578e15e89",
              "parentUUID": "83c04cb0-84eb-4add-a85f-e00e75ff017d",
              "isHook": false,
              "skipped": false
            },
            {
              "title": "Verifica se a altura do board é 5 quando um valor menor é colocado no input",
              "fullTitle": "11 - Limite o tamanho mínimo e máximo do board. Verifica se a altura do board é 5 quando um valor menor é colocado no input",
              "timedOut": null,
              "duration": 5290,
              "state": "failed",
              "speed": null,
              "pass": false,
              "fail": true,
              "pending": false,
              "context": null,
              "code": "cy.get('#board-size').clear().type(4);\ncy.get('#generate-board').click();\ncy.get('.pixel').should('have.length', 25);",
              "err": {
                "message": "CypressError: Timed out retrying: Expected to find element: '#board-size', but never found it.",
                "estack": "CypressError: Timed out retrying: Expected to find element: '#board-size', but never found it.\n    at cypressErr (http://localhost:39213/__cypress/runner/cypress_runner.js:149934:9)\n    at throwErr (http://localhost:39213/__cypress/runner/cypress_runner.js:149867:11)\n    at Object.throwErrByPath (http://localhost:39213/__cypress/runner/cypress_runner.js:149915:3)\n    at retry (http://localhost:39213/__cypress/runner/cypress_runner.js:144197:19)\n    at onFailFn (http://localhost:39213/__cypress/runner/cypress_runner.js:132448:16)\n    at tryCatcher (http://localhost:39213/__cypress/runner/cypress_runner.js:167415:23)\n    at Promise._settlePromiseFromHandler (http://localhost:39213/__cypress/runner/cypress_runner.js:165351:31)\n    at Promise._settlePromise (http://localhost:39213/__cypress/runner/cypress_runner.js:165408:18)\n    at Promise._settlePromise0 (http://localhost:39213/__cypress/runner/cypress_runner.js:165453:10)\n    at Promise._settlePromises (http://localhost:39213/__cypress/runner/cypress_runner.js:165528:18)\n    at Async../node_modules/bluebird/js/release/async.js.Async._drainQueue (http://localhost:39213/__cypress/runner/cypress_runner.js:162140:16)\n    at Async../node_modules/bluebird/js/release/async.js.Async._drainQueues (http://localhost:39213/__cypress/runner/cypress_runner.js:162150:10)\n    at Async.drainQueues (http://localhost:39213/__cypress/runner/cypress_runner.js:162024:14)",
                "diff": null
              },
              "uuid": "49ea0364-c83d-440e-b610-c88fd277a290",
              "parentUUID": "83c04cb0-84eb-4add-a85f-e00e75ff017d",
              "isHook": false,
              "skipped": false
            },
            {
              "title": "Verifica se a altura do board é 50 quando um valor maior é colocado no input",
              "fullTitle": "11 - Limite o tamanho mínimo e máximo do board. Verifica se a altura do board é 50 quando um valor maior é colocado no input",
              "timedOut": null,
              "duration": 5070,
              "state": "failed",
              "speed": null,
              "pass": false,
              "fail": true,
              "pending": false,
              "context": null,
              "code": "cy.get('#board-size').clear().type(51);\ncy.get('#generate-board').click();\ncy.get('.pixel').should('have.length', 2500);",
              "err": {
                "message": "CypressError: Timed out retrying: Expected to find element: '#board-size', but never found it.",
                "estack": "CypressError: Timed out retrying: Expected to find element: '#board-size', but never found it.\n    at cypressErr (http://localhost:39213/__cypress/runner/cypress_runner.js:149934:9)\n    at throwErr (http://localhost:39213/__cypress/runner/cypress_runner.js:149867:11)\n    at Object.throwErrByPath (http://localhost:39213/__cypress/runner/cypress_runner.js:149915:3)\n    at retry (http://localhost:39213/__cypress/runner/cypress_runner.js:144197:19)\n    at onFailFn (http://localhost:39213/__cypress/runner/cypress_runner.js:132448:16)\n    at tryCatcher (http://localhost:39213/__cypress/runner/cypress_runner.js:167415:23)\n    at Promise._settlePromiseFromHandler (http://localhost:39213/__cypress/runner/cypress_runner.js:165351:31)\n    at Promise._settlePromise (http://localhost:39213/__cypress/runner/cypress_runner.js:165408:18)\n    at Promise._settlePromise0 (http://localhost:39213/__cypress/runner/cypress_runner.js:165453:10)\n    at Promise._settlePromises (http://localhost:39213/__cypress/runner/cypress_runner.js:165528:18)\n    at Async../node_modules/bluebird/js/release/async.js.Async._drainQueue (http://localhost:39213/__cypress/runner/cypress_runner.js:162140:16)\n    at Async../node_modules/bluebird/js/release/async.js.Async._drainQueues (http://localhost:39213/__cypress/runner/cypress_runner.js:162150:10)\n    at Async.drainQueues (http://localhost:39213/__cypress/runner/cypress_runner.js:162024:14)",
                "diff": null
              },
              "uuid": "4dcebf45-1e62-4f93-b5d7-b7444f2aac9d",
              "parentUUID": "83c04cb0-84eb-4add-a85f-e00e75ff017d",
              "isHook": false,
              "skipped": false
            }
          ],
          "suites": [],
          "passes": [],
          "failures": [
            "46142974-6d0b-43b2-8e7a-344578e15e89",
            "49ea0364-c83d-440e-b610-c88fd277a290",
            "4dcebf45-1e62-4f93-b5d7-b7444f2aac9d"
          ],
          "pending": [],
          "skipped": [],
          "duration": 15835,
          "root": false,
          "rootEmpty": false,
          "_timeout": 2000
        },
        {
          "uuid": "bdf17314-eeeb-46ca-9e28-a114c61e16da",
          "title": "12 - Faça com que as cores da paleta sejam geradas aleatoriamente ao carregar a página.",
          "fullFile": "",
          "file": "",
          "beforeHooks": [],
          "afterHooks": [],
          "tests": [
            {
              "title": "Verifica se as cores geradas na paleta são diferentes a cada carregamento da página",
              "fullTitle": "12 - Faça com que as cores da paleta sejam geradas aleatoriamente ao carregar a página. Verifica se as cores geradas na paleta são diferentes a cada carregamento da página",
              "timedOut": null,
              "duration": 1614,
              "state": "failed",
              "speed": null,
              "pass": false,
              "fail": true,
              "pending": false,
              "context": null,
              "code": "cy.get('.color').then(function (colors) {\n  var currentColors;\n  var previousColors;\n  previousColors = Array.from(colors).map(function (color) {\n    return Cypress.$(color).css('background-color');\n  });\n  for (var i = 0; i < 5; i += 1) {\n    cy.reload();\n    cy.get('.color').then(function (colors) {\n      currentColors = Array.from(colors).map(function (color) {\n        return Cypress.$(color).css('background-color');\n      });\n      expect(currentColors).not.to.deep.equal(previousColors);\n      previousColors = currentColors;\n    });\n  }\n});",
              "err": {
                "message": "AssertionError: expected [ Array(4) ] to not deeply equal [ Array(4) ]",
                "estack": "AssertionError: expected [ Array(4) ] to not deeply equal [ Array(4) ]\n    at getRet (http://localhost:39213/__cypress/runner/cypress_runner.js:136585:16)\n    at tryCatcher (http://localhost:39213/__cypress/runner/cypress_runner.js:167415:23)\n    at Function.Promise.attempt.Promise.try (http://localhost:39213/__cypress/runner/cypress_runner.js:164690:29)\n    at Context.thenFn (http://localhost:39213/__cypress/runner/cypress_runner.js:136599:23)\n    at Context.then (http://localhost:39213/__cypress/runner/cypress_runner.js:136971:21)\n    at Context.<anonymous> (http://localhost:39213/__cypress/runner/cypress_runner.js:148875:21)\n    at http://localhost:39213/__cypress/runner/cypress_runner.js:148351:33\n    at tryCatcher (http://localhost:39213/__cypress/runner/cypress_runner.js:167415:23)\n    at Promise._settlePromiseFromHandler (http://localhost:39213/__cypress/runner/cypress_runner.js:165351:31)\n    at Promise._settlePromise (http://localhost:39213/__cypress/runner/cypress_runner.js:165408:18)\n    at Promise._settlePromiseCtx (http://localhost:39213/__cypress/runner/cypress_runner.js:165445:10)\n    at Async../node_modules/bluebird/js/release/async.js.Async._drainQueue (http://localhost:39213/__cypress/runner/cypress_runner.js:162145:12)\n    at Async../node_modules/bluebird/js/release/async.js.Async._drainQueues (http://localhost:39213/__cypress/runner/cypress_runner.js:162150:10)\n    at Async.drainQueues (http://localhost:39213/__cypress/runner/cypress_runner.js:162024:14)",
                "diff": ""
              },
              "uuid": "3857bc81-ece4-43e1-a21d-a33fba373564",
              "parentUUID": "bdf17314-eeeb-46ca-9e28-a114c61e16da",
              "isHook": false,
              "skipped": false
            },
            {
              "title": "Verifica se a cor preta ainda está presente e é a primeira na sua paleta de cores",
              "fullTitle": "12 - Faça com que as cores da paleta sejam geradas aleatoriamente ao carregar a página. Verifica se a cor preta ainda está presente e é a primeira na sua paleta de cores",
              "timedOut": null,
              "duration": 1530,
              "state": "failed",
              "speed": null,
              "pass": false,
              "fail": true,
              "pending": false,
              "context": null,
              "code": "cy.get('.color').then(function (colors) {\n  var currentColors;\n  var previousColors;\n  previousColors = Array.from(colors).map(function (color) {\n    return Cypress.$(color).css('background-color');\n  });\n  expect(previousColors[0]).to.eq(BLACK);\n  for (var i = 0; i < 5; i += 1) {\n    cy.reload();\n    cy.get('.color').then(function (colors) {\n      currentColors = Array.from(colors).map(function (color) {\n        return Cypress.$(color).css('background-color');\n      });\n      expect(currentColors[0]).to.eq(BLACK);\n      expect(currentColors).not.to.deep.equal(previousColors);\n      previousColors = currentColors;\n    });\n  }\n});",
              "err": {
                "message": "AssertionError: expected [ Array(4) ] to not deeply equal [ Array(4) ]",
                "estack": "AssertionError: expected [ Array(4) ] to not deeply equal [ Array(4) ]\n    at getRet (http://localhost:39213/__cypress/runner/cypress_runner.js:136585:16)\n    at tryCatcher (http://localhost:39213/__cypress/runner/cypress_runner.js:167415:23)\n    at Function.Promise.attempt.Promise.try (http://localhost:39213/__cypress/runner/cypress_runner.js:164690:29)\n    at Context.thenFn (http://localhost:39213/__cypress/runner/cypress_runner.js:136599:23)\n    at Context.then (http://localhost:39213/__cypress/runner/cypress_runner.js:136971:21)\n    at Context.<anonymous> (http://localhost:39213/__cypress/runner/cypress_runner.js:148875:21)\n    at http://localhost:39213/__cypress/runner/cypress_runner.js:148351:33\n    at tryCatcher (http://localhost:39213/__cypress/runner/cypress_runner.js:167415:23)\n    at Promise._settlePromiseFromHandler (http://localhost:39213/__cypress/runner/cypress_runner.js:165351:31)\n    at Promise._settlePromise (http://localhost:39213/__cypress/runner/cypress_runner.js:165408:18)\n    at Promise._settlePromiseCtx (http://localhost:39213/__cypress/runner/cypress_runner.js:165445:10)\n    at Async../node_modules/bluebird/js/release/async.js.Async._drainQueue (http://localhost:39213/__cypress/runner/cypress_runner.js:162145:12)\n    at Async../node_modules/bluebird/js/release/async.js.Async._drainQueues (http://localhost:39213/__cypress/runner/cypress_runner.js:162150:10)\n    at Async.drainQueues (http://localhost:39213/__cypress/runner/cypress_runner.js:162024:14)",
                "diff": ""
              },
              "uuid": "f6b6cccc-b324-4ba5-95cf-539fbf313c55",
              "parentUUID": "bdf17314-eeeb-46ca-9e28-a114c61e16da",
              "isHook": false,
              "skipped": false
            }
          ],
          "suites": [],
          "passes": [],
          "failures": [
            "3857bc81-ece4-43e1-a21d-a33fba373564",
            "f6b6cccc-b324-4ba5-95cf-539fbf313c55"
          ],
          "pending": [],
          "skipped": [],
          "duration": 3144,
          "root": false,
          "rootEmpty": false,
          "_timeout": 2000
        }
      ],
      "passes": [],
      "failures": [],
      "pending": [],
      "skipped": [],
      "duration": 0,
      "root": true,
      "rootEmpty": true,
      "_timeout": 2000
    }
  ],
  "meta": {
    "mocha": {
      "version": "7.0.1"
    },
    "mochawesome": {
      "options": {
        "quiet": false,
        "reportFilename": "mochawesome",
        "saveHtml": false,
        "saveJson": true,
        "consoleReporter": "spec",
        "useInlineDiffs": false
      },
      "version": "4.1.0"
    },
    "marge": {
      "options": {
        "id": "default",
        "reportDir": "cypress/reports",
        "overwrite": true,
        "html": false,
        "json": true
      },
      "version": "4.1.0"
    }
  }
}